<?xml version="1.0" encoding="UTF-8"?>
<!-- Generated by org.testng.reporters.JUnitReportReporter -->
<testsuite hostname="DESKTOP-L052HB9" failures="0" tests="2" name="com.naukri.testcase.SearchDotNetDeveloper" time="2.657" errors="1" timestamp="2022-06-02T12:30:41 IST" skipped="1">
  <testcase classname="com.naukri.testcase.SearchDotNetDeveloper" name="searchDotNet" time="0.000">
    <skipped/>
  </testcase> <!-- searchDotNet -->
  <system-out/>
  <testcase classname="com.naukri.testcase.SearchDotNetDeveloper" name="launchBrowser" time="2.657">
    <error message="session not created: This version of ChromeDriver only supports Chrome version 100
Current browser version is 102.0.5005.61 with binary path C:\Program Files\Google\Chrome\Application\chrome.exe
Build info: version: &#039;3.14.0&#039;, revision: &#039;aacccce0&#039;, time: &#039;2018-08-02T20:19:58.91Z&#039;
System info: host: &#039;DESKTOP-L052HB9&#039;, ip: &#039;192.168.0.105&#039;, os.name: &#039;Windows 10&#039;, os.arch: &#039;amd64&#039;, os.version: &#039;10.0&#039;, java.version: &#039;17.0.1&#039;
Driver info: driver.version: ChromeDriver
remote stacktrace: Backtrace:
	Ordinal0 [0x00C37413+2389011]
	Ordinal0 [0x00BC9F61+1941345]
	Ordinal0 [0x00ABC658+837208]
	Ordinal0 [0x00ADC773+968563]
	Ordinal0 [0x00AD837A+951162]
	Ordinal0 [0x00AD5C51+941137]
	Ordinal0 [0x00B08C80+1150080]
	Ordinal0 [0x00B088DA+1149146]
	Ordinal0 [0x00B03F66+1130342]
	Ordinal0 [0x00ADE546+976198]
	Ordinal0 [0x00ADF456+980054]
	GetHandleVerifier [0x00DE9632+1727522]
	GetHandleVerifier [0x00E9BA4D+2457661]
	GetHandleVerifier [0x00CCEB81+569713]
	GetHandleVerifier [0x00CCDD76+566118]
	Ordinal0 [0x00BD0B2B+1968939]
	Ordinal0 [0x00BD5988+1989000]
	Ordinal0 [0x00BD5A75+1989237]
	Ordinal0 [0x00BDECB1+2026673]
	BaseThreadInitThunk [0x767E6739+25]
	RtlGetFullPathName_UEx [0x77D38FEF+1215]
	RtlGetFullPathName_UEx [0x77D38FBD+1165]
" type="org.openqa.selenium.SessionNotCreatedException">
      <![CDATA[org.openqa.selenium.SessionNotCreatedException: session not created: This version of ChromeDriver only supports Chrome version 100
Current browser version is 102.0.5005.61 with binary path C:\Program Files\Google\Chrome\Application\chrome.exe
Build info: version: '3.14.0', revision: 'aacccce0', time: '2018-08-02T20:19:58.91Z'
System info: host: 'DESKTOP-L052HB9', ip: '192.168.0.105', os.name: 'Windows 10', os.arch: 'amd64', os.version: '10.0', java.version: '17.0.1'
Driver info: driver.version: ChromeDriver
remote stacktrace: Backtrace:
Ordinal0 [0x00C37413+2389011]
Ordinal0 [0x00BC9F61+1941345]
Ordinal0 [0x00ABC658+837208]
Ordinal0 [0x00ADC773+968563]
Ordinal0 [0x00AD837A+951162]
Ordinal0 [0x00AD5C51+941137]
Ordinal0 [0x00B08C80+1150080]
Ordinal0 [0x00B088DA+1149146]
Ordinal0 [0x00B03F66+1130342]
Ordinal0 [0x00ADE546+976198]
Ordinal0 [0x00ADF456+980054]
GetHandleVerifier [0x00DE9632+1727522]
GetHandleVerifier [0x00E9BA4D+2457661]
GetHandleVerifier [0x00CCEB81+569713]
GetHandleVerifier [0x00CCDD76+566118]
Ordinal0 [0x00BD0B2B+1968939]
Ordinal0 [0x00BD5988+1989000]
Ordinal0 [0x00BD5A75+1989237]
Ordinal0 [0x00BDECB1+2026673]
BaseThreadInitThunk [0x767E6739+25]
RtlGetFullPathName_UEx [0x77D38FEF+1215]
RtlGetFullPathName_UEx [0x77D38FBD+1165]

at java.base/jdk.internal.reflect.NativeConstructorAccessorImpl.newInstance0(Native Method)
at java.base/jdk.internal.reflect.NativeConstructorAccessorImpl.newInstance(NativeConstructorAccessorImpl.java:77)
at java.base/jdk.internal.reflect.DelegatingConstructorAccessorImpl.newInstance(DelegatingConstructorAccessorImpl.java:45)
at java.base/java.lang.reflect.Constructor.newInstanceWithCaller(Constructor.java:499)
at java.base/java.lang.reflect.Constructor.newInstance(Constructor.java:480)
at org.openqa.selenium.remote.W3CHandshakeResponse.lambda$new$0(W3CHandshakeResponse.java:57)
at org.openqa.selenium.remote.W3CHandshakeResponse.lambda$getResponseFunction$2(W3CHandshakeResponse.java:104)
at org.openqa.selenium.remote.ProtocolHandshake.lambda$createSession$0(ProtocolHandshake.java:122)
at java.base/java.util.stream.ReferencePipeline$3$1.accept(ReferencePipeline.java:197)
at java.base/java.util.Spliterators$ArraySpliterator.tryAdvance(Spliterators.java:1002)
at java.base/java.util.stream.ReferencePipeline.forEachWithCancel(ReferencePipeline.java:129)
at java.base/java.util.stream.AbstractPipeline.copyIntoWithCancel(AbstractPipeline.java:527)
at java.base/java.util.stream.AbstractPipeline.copyInto(AbstractPipeline.java:513)
at java.base/java.util.stream.AbstractPipeline.wrapAndCopyInto(AbstractPipeline.java:499)
at java.base/java.util.stream.FindOps$FindOp.evaluateSequential(FindOps.java:150)
at java.base/java.util.stream.AbstractPipeline.evaluate(AbstractPipeline.java:234)
at java.base/java.util.stream.ReferencePipeline.findFirst(ReferencePipeline.java:647)
at org.openqa.selenium.remote.ProtocolHandshake.createSession(ProtocolHandshake.java:125)
at org.openqa.selenium.remote.ProtocolHandshake.createSession(ProtocolHandshake.java:73)
at org.openqa.selenium.remote.HttpCommandExecutor.execute(HttpCommandExecutor.java:136)
at org.openqa.selenium.remote.service.DriverCommandExecutor.execute(DriverCommandExecutor.java:83)
at org.openqa.selenium.remote.RemoteWebDriver.execute(RemoteWebDriver.java:548)
at org.openqa.selenium.remote.RemoteWebDriver.startSession(RemoteWebDriver.java:212)
at org.openqa.selenium.remote.RemoteWebDriver.<init>(RemoteWebDriver.java:130)
at org.openqa.selenium.chrome.ChromeDriver.<init>(ChromeDriver.java:181)
at org.openqa.selenium.chrome.ChromeDriver.<init>(ChromeDriver.java:168)
at org.openqa.selenium.chrome.ChromeDriver.<init>(ChromeDriver.java:123)
at com.naukri.baseclass.BaseClass.launchBrowser(BaseClass.java:39)
at java.base/jdk.internal.reflect.NativeMethodAccessorImpl.invoke0(Native Method)
at java.base/jdk.internal.reflect.NativeMethodAccessorImpl.invoke(NativeMethodAccessorImpl.java:77)
at java.base/jdk.internal.reflect.DelegatingMethodAccessorImpl.invoke(DelegatingMethodAccessorImpl.java:43)
at java.base/java.lang.reflect.Method.invoke(Method.java:568)
at org.testng.internal.MethodInvocationHelper.invokeMethod(MethodInvocationHelper.java:133)
at org.testng.internal.MethodInvocationHelper.invokeMethodConsideringTimeout(MethodInvocationHelper.java:62)
at org.testng.internal.ConfigInvoker.invokeConfigurationMethod(ConfigInvoker.java:385)
at org.testng.internal.ConfigInvoker.invokeConfigurations(ConfigInvoker.java:321)
at org.testng.internal.TestMethodWorker.invokeBeforeClassMethods(TestMethodWorker.java:176)
at org.testng.internal.TestMethodWorker.run(TestMethodWorker.java:122)
at java.base/java.util.ArrayList.forEach(ArrayList.java:1511)
at org.testng.TestRunner.privateRun(TestRunner.java:794)
at org.testng.TestRunner.run(TestRunner.java:596)
at org.testng.SuiteRunner.runTest(SuiteRunner.java:377)
at org.testng.SuiteRunner.runSequentially(SuiteRunner.java:371)
at org.testng.SuiteRunner.privateRun(SuiteRunner.java:332)
at org.testng.SuiteRunner.run(SuiteRunner.java:276)
at org.testng.SuiteRunnerWorker.runSuite(SuiteRunnerWorker.java:53)
at org.testng.SuiteRunnerWorker.run(SuiteRunnerWorker.java:96)
at org.testng.TestNG.runSuitesSequentially(TestNG.java:1212)
at org.testng.TestNG.runSuitesLocally(TestNG.java:1134)
at org.testng.TestNG.runSuites(TestNG.java:1063)
at org.testng.TestNG.run(TestNG.java:1031)
at org.testng.remote.AbstractRemoteTestNG.run(AbstractRemoteTestNG.java:115)
at org.testng.remote.RemoteTestNG.initAndRun(RemoteTestNG.java:251)
at org.testng.remote.RemoteTestNG.main(RemoteTestNG.java:77)
]]>
    </error>
  </testcase> <!-- launchBrowser -->
  <system-out/>
</testsuite> <!-- com.naukri.testcase.SearchDotNetDeveloper -->
