<?xml version="1.0" encoding="UTF-8"?>
<!-- Generated by org.testng.reporters.JUnitReportReporter -->
<testsuite hostname="DESKTOP-L052HB9" failures="0" tests="1" name="com.naukri.testcase.SearchTestEngineer" time="5.709" errors="0" timestamp="2022-07-03T16:40:21 IST" skipped="0">
  <testcase classname="com.naukri.testcase.SearchTestEngineer" name="searchDotNet" time="5.709"/>
  <system-out/>
</testsuite> <!-- com.naukri.testcase.SearchTestEngineer -->
