<?xml version="1.0" encoding="UTF-8"?>
<!-- Generated by org.testng.reporters.JUnitReportReporter -->
<testsuite skipped="0" hostname="DESKTOP-8PEJRGM" name="com.naukri.baseclass.BaseClass" tests="1" failures="0" timestamp="29 Jan 2021 16:52:08 GMT" time="0.016" errors="0">
  <testcase name="helloword" time="0.016" classname="com.naukri.baseclass.BaseClass"/>
</testsuite> <!-- com.naukri.baseclass.BaseClass -->
