<?xml version="1.0" encoding="UTF-8"?>
<!-- Generated by org.testng.reporters.JUnitReportReporter -->
<testsuite hostname="DESKTOP-L052HB9" failures="0" tests="1" name="com.naukri.testcase.Amazon" time="16.088" errors="0" timestamp="2022-09-14T16:36:03 IST" skipped="0">
  <testcase classname="com.naukri.testcase.Amazon" name="searchForCamera" time="16.088"/>
  <system-out/>
</testsuite> <!-- com.naukri.testcase.Amazon -->
